<?xml version="1.0" encoding="UTF-8"?>
<!-- Generated by org.testng.reporters.JUnitXMLReporter -->
<testsuite ignored="0" hostname="DESKTOP-2MQORBC" failures="0" tests="6" name="Sampletest" time="0.103" errors="0" timestamp="01 Apr 2025 18:51:18 GMT">
  <testcase classname="com.app.testngprgm.TestTwo" name="test1" time="0.019"/>
  <testcase classname="com.app.testngprgm.TestTwo" name="test2" time="0.004"/>
  <testcase classname="com.app.testngprgm.TestTwo" name="test3" time="0.003"/>
  <testcase classname="com.app.testngprgm.TestOne" name="login" time="0.003"/>
  <testcase classname="com.app.testngprgm.TestOne" name="user" time="0.006"/>
  <testcase classname="com.app.testngprgm.TestOne" name="pass" time="0.003"/>
</testsuite> <!-- Sampletest -->
