<?xml version="1.0" encoding="UTF-8"?>
<!-- Generated by org.testng.reporters.JUnitXMLReporter -->
<testsuite ignored="0" hostname="DESKTOP-2MQORBC" failures="0" tests="6" name="Test" time="0.126" errors="0" timestamp="05 Apr 2025 17:44:38 GMT">
  <testcase classname="com.app.testngprgm.Parallel_class2" name="login" time="0.026"/>
  <testcase classname="com.app.testngprgm.Parallel_class1" name="login" time="0.027"/>
  <testcase classname="com.app.testngprgm.Parallel_class2" name="pass" time="0.007"/>
  <testcase classname="com.app.testngprgm.Parallel_class1" name="pass" time="0.006"/>
  <testcase classname="com.app.testngprgm.Parallel_class2" name="user" time="0.01"/>
  <testcase classname="com.app.testngprgm.Parallel_class1" name="user" time="0.004"/>
</testsuite> <!-- Test -->
